<?xml version="1.0" encoding="UTF-8"?>
<robot generator="Robot 7.0.1 (Python 3.12.3 on win32)" generated="2024-06-18T22:17:22.359817" rpa="false" schemaversion="5">
<suite id="s1" name="Main" source="c:\Users\Arthur\Downloads\teste\testeWeb\ProjetoPetPlace\Test\main.robot">
<kw name="Open Browser" owner="SeleniumLibrary" type="SETUP">
<msg time="2024-06-18T22:17:22.529904" level="INFO">Opening browser 'Chrome' to base url 'http://localhost:8080'.</msg>
<arg>${BASE_URL}</arg>
<arg>Chrome</arg>
<doc>Opens a new browser instance to the optional ``url``.</doc>
<status status="PASS" start="2024-06-18T22:17:22.529904" elapsed="1.546886"/>
</kw>
<test id="s1-t1" name="Login com credenciais válidas de Administrador" line="56">
<kw name="Go To" owner="SeleniumLibrary">
<msg time="2024-06-18T22:17:24.079186" level="INFO">Opening url 'http://localhost:8080'</msg>
<arg>${BASE_URL}</arg>
<doc>Navigates the current browser window to the provided ``url``.</doc>
<status status="PASS" start="2024-06-18T22:17:24.079186" elapsed="0.012214"/>
</kw>
<kw name="Sleep" owner="BuiltIn">
<msg time="2024-06-18T22:17:25.091644" level="INFO">Slept 1 second.</msg>
<arg>1s</arg>
<doc>Pauses the test executed for the given time.</doc>
<status status="PASS" start="2024-06-18T22:17:24.091400" elapsed="1.000244"/>
</kw>
<kw name="Input Text" owner="SeleniumLibrary">
<msg time="2024-06-18T22:17:25.093209" level="INFO">Typing text 'contato@jaolima.com' into text field 'id=email_login'.</msg>
<arg>id=email_login</arg>
<arg>contato@jaolima.com</arg>
<doc>Types the given ``text`` into the text field identified by ``locator``.</doc>
<status status="PASS" start="2024-06-18T22:17:25.093209" elapsed="0.085167"/>
</kw>
<kw name="Sleep" owner="BuiltIn">
<msg time="2024-06-18T22:17:26.179930" level="INFO">Slept 1 second.</msg>
<arg>1s</arg>
<doc>Pauses the test executed for the given time.</doc>
<status status="PASS" start="2024-06-18T22:17:25.178376" elapsed="1.001554"/>
</kw>
<kw name="Input Text" owner="SeleniumLibrary">
<msg time="2024-06-18T22:17:26.179930" level="INFO">Typing text 'Senha@teste321456' into text field 'id=senha_login'.</msg>
<arg>id=senha_login</arg>
<arg>Senha@teste321456</arg>
<doc>Types the given ``text`` into the text field identified by ``locator``.</doc>
<status status="PASS" start="2024-06-18T22:17:26.179930" elapsed="0.067479"/>
</kw>
<kw name="Sleep" owner="BuiltIn">
<msg time="2024-06-18T22:17:27.248045" level="INFO">Slept 1 second.</msg>
<arg>1s</arg>
<doc>Pauses the test executed for the given time.</doc>
<status status="PASS" start="2024-06-18T22:17:26.247409" elapsed="1.000636"/>
</kw>
<kw name="Click Button" owner="SeleniumLibrary">
<msg time="2024-06-18T22:17:27.248045" level="INFO">Clicking button 'id=botao-acessar'.</msg>
<arg>id=botao-acessar</arg>
<doc>Clicks the button identified by ``locator``.</doc>
<status status="PASS" start="2024-06-18T22:17:27.248045" elapsed="0.228505"/>
</kw>
<kw name="Sleep" owner="BuiltIn">
<msg time="2024-06-18T22:17:29.476602" level="INFO">Slept 2 seconds.</msg>
<arg>2s</arg>
<doc>Pauses the test executed for the given time.</doc>
<status status="PASS" start="2024-06-18T22:17:27.476550" elapsed="2.000052"/>
</kw>
<kw name="Element Should Be Visible" owner="SeleniumLibrary">
<msg time="2024-06-18T22:17:29.485997" level="INFO">Element 'id=sobre-nos' is displayed.</msg>
<arg>id=sobre-nos</arg>
<doc>Verifies that the element identified by ``locator`` is visible.</doc>
<status status="PASS" start="2024-06-18T22:17:29.476602" elapsed="0.009395"/>
</kw>
<status status="PASS" start="2024-06-18T22:17:24.078180" elapsed="5.407817"/>
</test>
<test id="s1-t2" name="Login com credenciais válidas de Usuário" line="67">
<kw name="Go To" owner="SeleniumLibrary">
<msg time="2024-06-18T22:17:29.492295" level="INFO">Opening url 'http://localhost:8080'</msg>
<arg>${BASE_URL}</arg>
<doc>Navigates the current browser window to the provided ``url``.</doc>
<status status="PASS" start="2024-06-18T22:17:29.492295" elapsed="0.018831"/>
</kw>
<kw name="Sleep" owner="BuiltIn">
<msg time="2024-06-18T22:17:30.511947" level="INFO">Slept 1 second.</msg>
<arg>1s</arg>
<doc>Pauses the test executed for the given time.</doc>
<status status="PASS" start="2024-06-18T22:17:29.511454" elapsed="1.000493"/>
</kw>
<kw name="Input Text" owner="SeleniumLibrary">
<msg time="2024-06-18T22:17:30.513974" level="INFO">Typing text 'teste03@email.com' into text field 'id=email_login'.</msg>
<arg>id=email_login</arg>
<arg>teste03@email.com</arg>
<doc>Types the given ``text`` into the text field identified by ``locator``.</doc>
<status status="PASS" start="2024-06-18T22:17:30.513974" elapsed="0.060223"/>
</kw>
<kw name="Sleep" owner="BuiltIn">
<msg time="2024-06-18T22:17:31.575396" level="INFO">Slept 1 second.</msg>
<arg>1s</arg>
<doc>Pauses the test executed for the given time.</doc>
<status status="PASS" start="2024-06-18T22:17:30.575193" elapsed="1.000203"/>
</kw>
<kw name="Input Text" owner="SeleniumLibrary">
<msg time="2024-06-18T22:17:31.577415" level="INFO">Typing text 'Senha@teste321456' into text field 'id=senha_login'.</msg>
<arg>id=senha_login</arg>
<arg>Senha@teste321456</arg>
<doc>Types the given ``text`` into the text field identified by ``locator``.</doc>
<status status="PASS" start="2024-06-18T22:17:31.576469" elapsed="0.058419"/>
</kw>
<kw name="Sleep" owner="BuiltIn">
<msg time="2024-06-18T22:17:32.636287" level="INFO">Slept 1 second.</msg>
<arg>1s</arg>
<doc>Pauses the test executed for the given time.</doc>
<status status="PASS" start="2024-06-18T22:17:31.635884" elapsed="1.000403"/>
</kw>
<kw name="Click Button" owner="SeleniumLibrary">
<msg time="2024-06-18T22:17:32.636287" level="INFO">Clicking button 'id=botao-acessar'.</msg>
<arg>id=botao-acessar</arg>
<doc>Clicks the button identified by ``locator``.</doc>
<status status="PASS" start="2024-06-18T22:17:32.636287" elapsed="0.040619"/>
</kw>
<kw name="Sleep" owner="BuiltIn">
<msg time="2024-06-18T22:17:34.677263" level="INFO">Slept 2 seconds.</msg>
<arg>2s</arg>
<doc>Pauses the test executed for the given time.</doc>
<status status="PASS" start="2024-06-18T22:17:32.676906" elapsed="2.000357"/>
</kw>
<kw name="Element Should Be Visible" owner="SeleniumLibrary">
<msg time="2024-06-18T22:17:34.688520" level="INFO">Element 'id=sobre-nos' is displayed.</msg>
<arg>id=sobre-nos</arg>
<doc>Verifies that the element identified by ``locator`` is visible.</doc>
<status status="PASS" start="2024-06-18T22:17:34.677263" elapsed="0.011257"/>
</kw>
<status status="PASS" start="2024-06-18T22:17:29.492295" elapsed="5.196225"/>
</test>
<test id="s1-t3" name="Login com credenciais não registradas" line="78">
<kw name="Gerar Email Inválido">
<kw name="Evaluate" owner="BuiltIn">
<msg time="2024-06-18T22:17:34.690538" level="INFO">${email} = ZXRTRN3HPP@invalid-domain.com</msg>
<var>${email}</var>
<arg>Utils.generate_random_invalid_email()</arg>
<arg>modules=Utils</arg>
<doc>Evaluates the given expression in Python and returns the result.</doc>
<status status="PASS" start="2024-06-18T22:17:34.690538" elapsed="0.000000"/>
</kw>
<return>
<value>${email}</value>
<status status="PASS" start="2024-06-18T22:17:34.691781" elapsed="0.000000"/>
</return>
<msg time="2024-06-18T22:17:34.691781" level="INFO">${invalid_email} = ZXRTRN3HPP@invalid-domain.com</msg>
<var>${invalid_email}</var>
<status status="PASS" start="2024-06-18T22:17:34.690538" elapsed="0.001243"/>
</kw>
<kw name="Gerar Senha Fraca">
<kw name="Evaluate" owner="BuiltIn">
<msg time="2024-06-18T22:17:34.692777" level="INFO">${password} = tD5zQ4VU</msg>
<var>${password}</var>
<arg>Utils.generate_random_weak_password()</arg>
<arg>modules=Utils</arg>
<doc>Evaluates the given expression in Python and returns the result.</doc>
<status status="PASS" start="2024-06-18T22:17:34.691781" elapsed="0.000996"/>
</kw>
<return>
<value>${password}</value>
<status status="PASS" start="2024-06-18T22:17:34.692777" elapsed="0.000000"/>
</return>
<msg time="2024-06-18T22:17:34.693686" level="INFO">${weak_password} = tD5zQ4VU</msg>
<var>${weak_password}</var>
<status status="PASS" start="2024-06-18T22:17:34.691781" elapsed="0.001905"/>
</kw>
<kw name="Go To" owner="SeleniumLibrary">
<msg time="2024-06-18T22:17:34.693686" level="INFO">Opening url 'http://localhost:8080'</msg>
<arg>${BASE_URL}</arg>
<doc>Navigates the current browser window to the provided ``url``.</doc>
<status status="PASS" start="2024-06-18T22:17:34.693686" elapsed="0.019800"/>
</kw>
<kw name="Sleep" owner="BuiltIn">
<msg time="2024-06-18T22:17:35.713608" level="INFO">Slept 1 second.</msg>
<arg>1s</arg>
<doc>Pauses the test executed for the given time.</doc>
<status status="PASS" start="2024-06-18T22:17:34.713486" elapsed="1.000122"/>
</kw>
<kw name="Input Text" owner="SeleniumLibrary">
<msg time="2024-06-18T22:17:35.713608" level="INFO">Typing text 'ZXRTRN3HPP@invalid-domain.com' into text field 'id=email_login'.</msg>
<arg>id=email_login</arg>
<arg>${invalid_email}</arg>
<doc>Types the given ``text`` into the text field identified by ``locator``.</doc>
<status status="PASS" start="2024-06-18T22:17:35.713608" elapsed="0.037635"/>
</kw>
<kw name="Sleep" owner="BuiltIn">
<msg time="2024-06-18T22:17:36.751419" level="INFO">Slept 1 second.</msg>
<arg>1s</arg>
<doc>Pauses the test executed for the given time.</doc>
<status status="PASS" start="2024-06-18T22:17:35.751243" elapsed="1.000176"/>
</kw>
<kw name="Input Text" owner="SeleniumLibrary">
<msg time="2024-06-18T22:17:36.751419" level="INFO">Typing text 'tD5zQ4VU' into text field 'id=senha_login'.</msg>
<arg>id=senha_login</arg>
<arg>${weak_password}</arg>
<doc>Types the given ``text`` into the text field identified by ``locator``.</doc>
<status status="PASS" start="2024-06-18T22:17:36.751419" elapsed="0.036264"/>
</kw>
<kw name="Sleep" owner="BuiltIn">
<msg time="2024-06-18T22:17:37.788764" level="INFO">Slept 1 second.</msg>
<arg>1s</arg>
<doc>Pauses the test executed for the given time.</doc>
<status status="PASS" start="2024-06-18T22:17:36.788502" elapsed="1.000262"/>
</kw>
<kw name="Click Button" owner="SeleniumLibrary">
<msg time="2024-06-18T22:17:37.788764" level="INFO">Clicking button 'id=botao-acessar'.</msg>
<arg>id=botao-acessar</arg>
<doc>Clicks the button identified by ``locator``.</doc>
<status status="PASS" start="2024-06-18T22:17:37.788764" elapsed="0.053353"/>
</kw>
<kw name="Sleep" owner="BuiltIn">
<msg time="2024-06-18T22:17:39.842644" level="INFO">Slept 2 seconds.</msg>
<arg>2s</arg>
<doc>Pauses the test executed for the given time.</doc>
<status status="PASS" start="2024-06-18T22:17:37.842117" elapsed="2.000527"/>
</kw>
<kw name="Element Should Not Be Visible" owner="SeleniumLibrary">
<msg time="2024-06-18T22:17:39.854348" level="INFO">Element 'id=sobre-nos' did not exist.</msg>
<arg>id=sobre-nos</arg>
<doc>Verifies that the element identified by ``locator`` is NOT visible.</doc>
<status status="PASS" start="2024-06-18T22:17:39.842644" elapsed="0.011704"/>
</kw>
<kw name="Element Should Contain" owner="SeleniumLibrary">
<msg time="2024-06-18T22:17:39.870043" level="INFO">Element 'css=.alert-danger' contains text 'Erro ao autenticar usuário!'.</msg>
<arg>css=.alert-danger</arg>
<arg>Erro ao autenticar usuário!</arg>
<doc>Verifies that element ``locator`` contains text ``expected``.</doc>
<status status="PASS" start="2024-06-18T22:17:39.854348" elapsed="0.015695"/>
</kw>
<status status="PASS" start="2024-06-18T22:17:34.690026" elapsed="5.181048"/>
</test>
<test id="s1-t4" name="Login com credenciais vazias" line="92">
<kw name="Go To" owner="SeleniumLibrary">
<msg time="2024-06-18T22:17:39.871720" level="INFO">Opening url 'http://localhost:8080'</msg>
<arg>${BASE_URL}</arg>
<doc>Navigates the current browser window to the provided ``url``.</doc>
<status status="PASS" start="2024-06-18T22:17:39.871720" elapsed="0.011940"/>
</kw>
<kw name="Sleep" owner="BuiltIn">
<msg time="2024-06-18T22:17:40.883976" level="INFO">Slept 1 second.</msg>
<arg>1s</arg>
<doc>Pauses the test executed for the given time.</doc>
<status status="PASS" start="2024-06-18T22:17:39.883660" elapsed="1.000316"/>
</kw>
<kw name="Click Button" owner="SeleniumLibrary">
<msg time="2024-06-18T22:17:40.883976" level="INFO">Clicking button 'id=botao-acessar'.</msg>
<arg>id=botao-acessar</arg>
<doc>Clicks the button identified by ``locator``.</doc>
<status status="PASS" start="2024-06-18T22:17:40.883976" elapsed="0.033166"/>
</kw>
<kw name="Sleep" owner="BuiltIn">
<msg time="2024-06-18T22:17:42.917852" level="INFO">Slept 2 seconds.</msg>
<arg>2s</arg>
<doc>Pauses the test executed for the given time.</doc>
<status status="PASS" start="2024-06-18T22:17:40.917142" elapsed="2.000710"/>
</kw>
<kw name="Element Should Not Be Visible" owner="SeleniumLibrary">
<msg time="2024-06-18T22:17:42.925072" level="INFO">Element 'id=sobre-nos' did not exist.</msg>
<arg>id=sobre-nos</arg>
<doc>Verifies that the element identified by ``locator`` is NOT visible.</doc>
<status status="PASS" start="2024-06-18T22:17:42.917852" elapsed="0.007220"/>
</kw>
<kw name="Element Should Contain" owner="SeleniumLibrary">
<msg time="2024-06-18T22:17:42.925072" level="INFO">Element 'css=.alert-danger' contains text 'Erro ao autenticar usuário!'.</msg>
<arg>css=.alert-danger</arg>
<arg>Erro ao autenticar usuário!</arg>
<doc>Verifies that element ``locator`` contains text ``expected``.</doc>
<status status="PASS" start="2024-06-18T22:17:42.925072" elapsed="0.000000"/>
</kw>
<status status="PASS" start="2024-06-18T22:17:39.871074" elapsed="3.053998"/>
</test>
<test id="s1-t5" name="Cadastrar Administrador com credenciais válidas" line="101">
<kw name="Generate Random Email" owner="Utils">
<msg time="2024-06-18T22:17:42.936947" level="INFO">${valid_email} = b8k6wwoza3@example.com</msg>
<var>${valid_email}</var>
<status status="PASS" start="2024-06-18T22:17:42.936947" elapsed="0.000000"/>
</kw>
<kw name="Generate Random Strong Password" owner="Utils">
<msg time="2024-06-18T22:17:42.936947" level="INFO">${strong_password} = WJdd/;5C94K/</msg>
<var>${strong_password}</var>
<status status="PASS" start="2024-06-18T22:17:42.936947" elapsed="0.000000"/>
</kw>
<kw name="Generate Random Birthdate" owner="Utils">
<msg time="2024-06-18T22:17:42.936947" level="INFO">${valid_birthdate} = 04-11-2002</msg>
<var>${valid_birthdate}</var>
<status status="PASS" start="2024-06-18T22:17:42.936947" elapsed="0.000000"/>
</kw>
<kw name="Go To" owner="SeleniumLibrary">
<msg time="2024-06-18T22:17:42.936947" level="INFO">Opening url 'http://localhost:8080'</msg>
<arg>${BASE_URL}</arg>
<doc>Navigates the current browser window to the provided ``url``.</doc>
<status status="PASS" start="2024-06-18T22:17:42.936947" elapsed="0.021468"/>
</kw>
<kw name="Sleep" owner="BuiltIn">
<msg time="2024-06-18T22:17:43.958818" level="INFO">Slept 1 second.</msg>
<arg>1s</arg>
<doc>Pauses the test executed for the given time.</doc>
<status status="PASS" start="2024-06-18T22:17:42.958415" elapsed="1.000403"/>
</kw>
<kw name="Input Text" owner="SeleniumLibrary">
<msg time="2024-06-18T22:17:43.958818" level="INFO">Typing text 'b8k6wwoza3@example.com' into text field 'id=email_cadastro'.</msg>
<arg>id=email_cadastro</arg>
<arg>${valid_email}</arg>
<doc>Types the given ``text`` into the text field identified by ``locator``.</doc>
<status status="PASS" start="2024-06-18T22:17:43.958818" elapsed="0.047016"/>
</kw>
<kw name="Sleep" owner="BuiltIn">
<msg time="2024-06-18T22:17:45.006371" level="INFO">Slept 1 second.</msg>
<arg>1s</arg>
<doc>Pauses the test executed for the given time.</doc>
<status status="PASS" start="2024-06-18T22:17:44.005834" elapsed="1.000537"/>
</kw>
<kw name="Input Text" owner="SeleniumLibrary">
<msg time="2024-06-18T22:17:45.006371" level="INFO">Typing text 'WJdd/;5C94K/' into text field 'id=senha_cadastro'.</msg>
<arg>id=senha_cadastro</arg>
<arg>${strong_password}</arg>
<doc>Types the given ``text`` into the text field identified by ``locator``.</doc>
<status status="PASS" start="2024-06-18T22:17:45.006371" elapsed="0.039888"/>
</kw>
<kw name="Sleep" owner="BuiltIn">
<msg time="2024-06-18T22:17:46.046793" level="INFO">Slept 1 second.</msg>
<arg>1s</arg>
<doc>Pauses the test executed for the given time.</doc>
<status status="PASS" start="2024-06-18T22:17:45.046259" elapsed="1.000534"/>
</kw>
<kw name="Input Text" owner="SeleniumLibrary">
<msg time="2024-06-18T22:17:46.046793" level="INFO">Typing text 'José Augusto Testeson' into text field 'id=nome_cadastro'.</msg>
<arg>id=nome_cadastro</arg>
<arg>José Augusto Testeson</arg>
<doc>Types the given ``text`` into the text field identified by ``locator``.</doc>
<status status="PASS" start="2024-06-18T22:17:46.046793" elapsed="0.051533"/>
</kw>
<kw name="Sleep" owner="BuiltIn">
<msg time="2024-06-18T22:17:47.098971" level="INFO">Slept 1 second.</msg>
<arg>1s</arg>
<doc>Pauses the test executed for the given time.</doc>
<status status="PASS" start="2024-06-18T22:17:46.098326" elapsed="1.000645"/>
</kw>
<kw name="Input Text" owner="SeleniumLibrary">
<msg time="2024-06-18T22:17:47.101069" level="INFO">Typing text '04-11-2002' into text field 'id=data_nascimento'.</msg>
<arg>id=data_nascimento</arg>
<arg>${valid_birthdate}</arg>
<doc>Types the given ``text`` into the text field identified by ``locator``.</doc>
<status status="PASS" start="2024-06-18T22:17:47.101069" elapsed="0.043807"/>
</kw>
<kw name="Sleep" owner="BuiltIn">
<msg time="2024-06-18T22:17:48.146507" level="INFO">Slept 1 second.</msg>
<arg>1s</arg>
<doc>Pauses the test executed for the given time.</doc>
<status status="PASS" start="2024-06-18T22:17:47.145871" elapsed="1.000636"/>
</kw>
<kw name="Select From List By Label" owner="SeleniumLibrary">
<msg time="2024-06-18T22:17:48.149515" level="INFO">Selecting options from selection list 'id=admin' by label Administrador.</msg>
<arg>id=admin</arg>
<arg>Administrador</arg>
<doc>Selects options from selection list ``locator`` by ``labels``.</doc>
<status status="PASS" start="2024-06-18T22:17:48.146507" elapsed="0.040937"/>
</kw>
<kw name="Sleep" owner="BuiltIn">
<msg time="2024-06-18T22:17:49.187842" level="INFO">Slept 1 second.</msg>
<arg>1s</arg>
<doc>Pauses the test executed for the given time.</doc>
<status status="PASS" start="2024-06-18T22:17:48.187444" elapsed="1.000398"/>
</kw>
<kw name="Click Button" owner="SeleniumLibrary">
<msg time="2024-06-18T22:17:49.187842" level="INFO">Clicking button 'id=botao-cadastrar'.</msg>
<arg>id=botao-cadastrar</arg>
<doc>Clicks the button identified by ``locator``.</doc>
<status status="PASS" start="2024-06-18T22:17:49.187842" elapsed="0.053736"/>
</kw>
<kw name="Sleep" owner="BuiltIn">
<msg time="2024-06-18T22:17:51.245807" level="INFO">Slept 2 seconds.</msg>
<arg>2s</arg>
<doc>Pauses the test executed for the given time.</doc>
<status status="PASS" start="2024-06-18T22:17:49.245145" elapsed="2.000662"/>
</kw>
<kw name="Element Should Contain" owner="SeleniumLibrary">
<msg time="2024-06-18T22:17:51.253436" level="INFO">Element 'css=.alert.alert-success' contains text 'Usuário cadastrado com sucesso!'.</msg>
<arg>css=.alert.alert-success</arg>
<arg>Usuário cadastrado com sucesso!</arg>
<doc>Verifies that element ``locator`` contains text ``expected``.</doc>
<status status="PASS" start="2024-06-18T22:17:51.245807" elapsed="0.007629"/>
</kw>
<status status="PASS" start="2024-06-18T22:17:42.936457" elapsed="8.316979"/>
</test>
<test id="s1-t6" name="Cadastrar Usuário com credenciais válidas" line="121">
<kw name="Gerar Email Aleatório">
<kw name="Evaluate" owner="BuiltIn">
<msg time="2024-06-18T22:17:51.253436" level="INFO">${email} = 1wtiu8bggu@example.com</msg>
<var>${email}</var>
<arg>Utils.generate_random_email()</arg>
<arg>modules=Utils</arg>
<doc>Evaluates the given expression in Python and returns the result.</doc>
<status status="PASS" start="2024-06-18T22:17:51.253436" elapsed="0.000000"/>
</kw>
<return>
<value>${email}</value>
<status status="PASS" start="2024-06-18T22:17:51.253436" elapsed="0.000000"/>
</return>
<msg time="2024-06-18T22:17:51.253436" level="INFO">${valid_email} = 1wtiu8bggu@example.com</msg>
<var>${valid_email}</var>
<status status="PASS" start="2024-06-18T22:17:51.253436" elapsed="0.000000"/>
</kw>
<kw name="Gerar Senha Forte">
<kw name="Evaluate" owner="BuiltIn">
<msg time="2024-06-18T22:17:51.253436" level="INFO">${password} = &gt;?B@EZ{%&lt;t_c</msg>
<var>${password}</var>
<arg>Utils.generate_random_strong_password()</arg>
<arg>modules=Utils</arg>
<doc>Evaluates the given expression in Python and returns the result.</doc>
<status status="PASS" start="2024-06-18T22:17:51.253436" elapsed="0.000000"/>
</kw>
<return>
<value>${password}</value>
<status status="PASS" start="2024-06-18T22:17:51.253436" elapsed="0.000000"/>
</return>
<msg time="2024-06-18T22:17:51.253436" level="INFO">${strong_password} = &gt;?B@EZ{%&lt;t_c</msg>
<var>${strong_password}</var>
<status status="PASS" start="2024-06-18T22:17:51.253436" elapsed="0.000000"/>
</kw>
<kw name="Gerar Data de Nascimento">
<kw name="Evaluate" owner="BuiltIn">
<msg time="2024-06-18T22:17:51.253436" level="INFO">${birthdate} = 19-06-1999</msg>
<var>${birthdate}</var>
<arg>Utils.generate_random_birthdate()</arg>
<arg>modules=Utils</arg>
<doc>Evaluates the given expression in Python and returns the result.</doc>
<status status="PASS" start="2024-06-18T22:17:51.253436" elapsed="0.000000"/>
</kw>
<return>
<value>${birthdate}</value>
<status status="PASS" start="2024-06-18T22:17:51.253436" elapsed="0.000000"/>
</return>
<msg time="2024-06-18T22:17:51.253436" level="INFO">${valid_birthdate} = 19-06-1999</msg>
<var>${valid_birthdate}</var>
<status status="PASS" start="2024-06-18T22:17:51.253436" elapsed="0.000000"/>
</kw>
<kw name="Go To" owner="SeleniumLibrary">
<msg time="2024-06-18T22:17:51.253436" level="INFO">Opening url 'http://localhost:8080'</msg>
<arg>${BASE_URL}</arg>
<doc>Navigates the current browser window to the provided ``url``.</doc>
<status status="PASS" start="2024-06-18T22:17:51.253436" elapsed="0.027882"/>
</kw>
<kw name="Sleep" owner="BuiltIn">
<msg time="2024-06-18T22:17:52.282269" level="INFO">Slept 1 second.</msg>
<arg>1s</arg>
<doc>Pauses the test executed for the given time.</doc>
<status status="PASS" start="2024-06-18T22:17:51.281318" elapsed="1.000951"/>
</kw>
<kw name="Input Text" owner="SeleniumLibrary">
<msg time="2024-06-18T22:17:52.282269" level="INFO">Typing text '1wtiu8bggu@example.com' into text field 'id=email_cadastro'.</msg>
<arg>id=email_cadastro</arg>
<arg>${valid_email}</arg>
<doc>Types the given ``text`` into the text field identified by ``locator``.</doc>
<status status="PASS" start="2024-06-18T22:17:52.282269" elapsed="0.039700"/>
</kw>
<kw name="Sleep" owner="BuiltIn">
<msg time="2024-06-18T22:17:53.322275" level="INFO">Slept 1 second.</msg>
<arg>1s</arg>
<doc>Pauses the test executed for the given time.</doc>
<status status="PASS" start="2024-06-18T22:17:52.321969" elapsed="1.000306"/>
</kw>
<kw name="Input Text" owner="SeleniumLibrary">
<msg time="2024-06-18T22:17:53.322875" level="INFO">Typing text '&gt;?B@EZ{%&lt;t_c' into text field 'id=senha_cadastro'.</msg>
<arg>id=senha_cadastro</arg>
<arg>${strong_password}</arg>
<doc>Types the given ``text`` into the text field identified by ``locator``.</doc>
<status status="PASS" start="2024-06-18T22:17:53.322875" elapsed="0.048772"/>
</kw>
<kw name="Sleep" owner="BuiltIn">
<msg time="2024-06-18T22:17:54.372180" level="INFO">Slept 1 second.</msg>
<arg>1s</arg>
<doc>Pauses the test executed for the given time.</doc>
<status status="PASS" start="2024-06-18T22:17:53.371647" elapsed="1.000533"/>
</kw>
<kw name="Input Text" owner="SeleniumLibrary">
<msg time="2024-06-18T22:17:54.372180" level="INFO">Typing text 'José Augusto Testeson' into text field 'id=nome_cadastro'.</msg>
<arg>id=nome_cadastro</arg>
<arg>José Augusto Testeson</arg>
<doc>Types the given ``text`` into the text field identified by ``locator``.</doc>
<status status="PASS" start="2024-06-18T22:17:54.372180" elapsed="0.041351"/>
</kw>
<kw name="Sleep" owner="BuiltIn">
<msg time="2024-06-18T22:17:55.414121" level="INFO">Slept 1 second.</msg>
<arg>1s</arg>
<doc>Pauses the test executed for the given time.</doc>
<status status="PASS" start="2024-06-18T22:17:54.413531" elapsed="1.000590"/>
</kw>
<kw name="Input Text" owner="SeleniumLibrary">
<msg time="2024-06-18T22:17:55.414121" level="INFO">Typing text '19-06-1999' into text field 'id=data_nascimento'.</msg>
<arg>id=data_nascimento</arg>
<arg>${valid_birthdate}</arg>
<doc>Types the given ``text`` into the text field identified by ``locator``.</doc>
<status status="PASS" start="2024-06-18T22:17:55.414121" elapsed="0.041213"/>
</kw>
<kw name="Sleep" owner="BuiltIn">
<msg time="2024-06-18T22:17:56.456571" level="INFO">Slept 1 second.</msg>
<arg>1s</arg>
<doc>Pauses the test executed for the given time.</doc>
<status status="PASS" start="2024-06-18T22:17:55.455334" elapsed="1.001237"/>
</kw>
<kw name="Select From List By Label" owner="SeleniumLibrary">
<msg time="2024-06-18T22:17:56.456571" level="INFO">Selecting options from selection list 'id=admin' by label Usuário.</msg>
<arg>id=admin</arg>
<arg>Usuário</arg>
<doc>Selects options from selection list ``locator`` by ``labels``.</doc>
<status status="PASS" start="2024-06-18T22:17:56.456571" elapsed="0.018473"/>
</kw>
<kw name="Sleep" owner="BuiltIn">
<msg time="2024-06-18T22:17:57.475508" level="INFO">Slept 1 second.</msg>
<arg>1s</arg>
<doc>Pauses the test executed for the given time.</doc>
<status status="PASS" start="2024-06-18T22:17:56.475044" elapsed="1.000464"/>
</kw>
<kw name="Click Button" owner="SeleniumLibrary">
<msg time="2024-06-18T22:17:57.475508" level="INFO">Clicking button 'id=botao-cadastrar'.</msg>
<arg>id=botao-cadastrar</arg>
<doc>Clicks the button identified by ``locator``.</doc>
<status status="PASS" start="2024-06-18T22:17:57.475508" elapsed="0.041464"/>
</kw>
<kw name="Sleep" owner="BuiltIn">
<msg time="2024-06-18T22:17:59.528544" level="INFO">Slept 2 seconds.</msg>
<arg>2s</arg>
<doc>Pauses the test executed for the given time.</doc>
<status status="PASS" start="2024-06-18T22:17:57.516972" elapsed="2.011572"/>
</kw>
<kw name="Element Should Contain" owner="SeleniumLibrary">
<msg time="2024-06-18T22:17:59.538327" level="INFO">Element 'css=.alert.alert-success' contains text 'Usuário cadastrado com sucesso!'.</msg>
<arg>css=.alert.alert-success</arg>
<arg>Usuário cadastrado com sucesso!</arg>
<doc>Verifies that element ``locator`` contains text ``expected``.</doc>
<status status="PASS" start="2024-06-18T22:17:59.528544" elapsed="0.009783"/>
</kw>
<status status="PASS" start="2024-06-18T22:17:51.253436" elapsed="8.284891"/>
</test>
<test id="s1-t7" name="Cadastrar com email existente" line="141">
<kw name="Gerar Senha Forte">
<kw name="Evaluate" owner="BuiltIn">
<msg time="2024-06-18T22:17:59.538327" level="INFO">${password} = w!v5O$80UzbH</msg>
<var>${password}</var>
<arg>Utils.generate_random_strong_password()</arg>
<arg>modules=Utils</arg>
<doc>Evaluates the given expression in Python and returns the result.</doc>
<status status="PASS" start="2024-06-18T22:17:59.538327" elapsed="0.012106"/>
</kw>
<return>
<value>${password}</value>
<status status="PASS" start="2024-06-18T22:17:59.550433" elapsed="0.000000"/>
</return>
<msg time="2024-06-18T22:17:59.550433" level="INFO">${strong_password} = w!v5O$80UzbH</msg>
<var>${strong_password}</var>
<status status="PASS" start="2024-06-18T22:17:59.538327" elapsed="0.012106"/>
</kw>
<kw name="Gerar Data de Nascimento">
<kw name="Evaluate" owner="BuiltIn">
<msg time="2024-06-18T22:17:59.551535" level="INFO">${birthdate} = 09-08-1935</msg>
<var>${birthdate}</var>
<arg>Utils.generate_random_birthdate()</arg>
<arg>modules=Utils</arg>
<doc>Evaluates the given expression in Python and returns the result.</doc>
<status status="PASS" start="2024-06-18T22:17:59.551188" elapsed="0.000462"/>
</kw>
<return>
<value>${birthdate}</value>
<status status="PASS" start="2024-06-18T22:17:59.551720" elapsed="0.000000"/>
</return>
<msg time="2024-06-18T22:17:59.551866" level="INFO">${valid_birthdate} = 09-08-1935</msg>
<var>${valid_birthdate}</var>
<status status="PASS" start="2024-06-18T22:17:59.551027" elapsed="0.000839"/>
</kw>
<kw name="Cadastrar Usuário">
<kw name="Go To" owner="SeleniumLibrary">
<msg time="2024-06-18T22:17:59.552525" level="INFO">Opening url 'http://localhost:8080'</msg>
<arg>${BASE_URL}</arg>
<doc>Navigates the current browser window to the provided ``url``.</doc>
<status status="PASS" start="2024-06-18T22:17:59.552309" elapsed="0.006836"/>
</kw>
<kw name="Sleep" owner="BuiltIn">
<msg time="2024-06-18T22:18:00.559631" level="INFO">Slept 1 second.</msg>
<arg>1s</arg>
<doc>Pauses the test executed for the given time.</doc>
<status status="PASS" start="2024-06-18T22:17:59.559145" elapsed="1.000486"/>
</kw>
<kw name="Input Text" owner="SeleniumLibrary">
<msg time="2024-06-18T22:18:00.559631" level="INFO">Typing text 'teste01@email.com' into text field 'id=email_cadastro'.</msg>
<arg>id=email_cadastro</arg>
<arg>${email}</arg>
<doc>Types the given ``text`` into the text field identified by ``locator``.</doc>
<status status="PASS" start="2024-06-18T22:18:00.559631" elapsed="0.025188"/>
</kw>
<kw name="Sleep" owner="BuiltIn">
<msg time="2024-06-18T22:18:01.585414" level="INFO">Slept 1 second.</msg>
<arg>1s</arg>
<doc>Pauses the test executed for the given time.</doc>
<status status="PASS" start="2024-06-18T22:18:00.584819" elapsed="1.000595"/>
</kw>
<kw name="Input Text" owner="SeleniumLibrary">
<msg time="2024-06-18T22:18:01.586478" level="INFO">Typing text 'w!v5O$80UzbH' into text field 'id=senha_cadastro'.</msg>
<arg>id=senha_cadastro</arg>
<arg>${password}</arg>
<doc>Types the given ``text`` into the text field identified by ``locator``.</doc>
<status status="PASS" start="2024-06-18T22:18:01.586478" elapsed="0.054690"/>
</kw>
<kw name="Sleep" owner="BuiltIn">
<msg time="2024-06-18T22:18:02.641533" level="INFO">Slept 1 second.</msg>
<arg>1s</arg>
<doc>Pauses the test executed for the given time.</doc>
<status status="PASS" start="2024-06-18T22:18:01.641168" elapsed="1.000365"/>
</kw>
<kw name="Input Text" owner="SeleniumLibrary">
<msg time="2024-06-18T22:18:02.641533" level="INFO">Typing text 'José Augusto Testeson' into text field 'id=nome_cadastro'.</msg>
<arg>id=nome_cadastro</arg>
<arg>José Augusto Testeson</arg>
<doc>Types the given ``text`` into the text field identified by ``locator``.</doc>
<status status="PASS" start="2024-06-18T22:18:02.641533" elapsed="0.040906"/>
</kw>
<kw name="Sleep" owner="BuiltIn">
<msg time="2024-06-18T22:18:03.682827" level="INFO">Slept 1 second.</msg>
<arg>1s</arg>
<doc>Pauses the test executed for the given time.</doc>
<status status="PASS" start="2024-06-18T22:18:02.682439" elapsed="1.000388"/>
</kw>
<kw name="Input Text" owner="SeleniumLibrary">
<msg time="2024-06-18T22:18:03.682827" level="INFO">Typing text '09-08-1935' into text field 'id=data_nascimento'.</msg>
<arg>id=data_nascimento</arg>
<arg>${birthdate}</arg>
<doc>Types the given ``text`` into the text field identified by ``locator``.</doc>
<status status="PASS" start="2024-06-18T22:18:03.682827" elapsed="0.036439"/>
</kw>
<kw name="Sleep" owner="BuiltIn">
<msg time="2024-06-18T22:18:04.719601" level="INFO">Slept 1 second.</msg>
<arg>1s</arg>
<doc>Pauses the test executed for the given time.</doc>
<status status="PASS" start="2024-06-18T22:18:03.719266" elapsed="1.000335"/>
</kw>
<kw name="Select From List By Label" owner="SeleniumLibrary">
<msg time="2024-06-18T22:18:04.719601" level="INFO">Selecting options from selection list 'id=admin' by label Administrador.</msg>
<arg>id=admin</arg>
<arg>Administrador</arg>
<doc>Selects options from selection list ``locator`` by ``labels``.</doc>
<status status="PASS" start="2024-06-18T22:18:04.719601" elapsed="0.026580"/>
</kw>
<kw name="Sleep" owner="BuiltIn">
<msg time="2024-06-18T22:18:05.746882" level="INFO">Slept 1 second.</msg>
<arg>1s</arg>
<doc>Pauses the test executed for the given time.</doc>
<status status="PASS" start="2024-06-18T22:18:04.746181" elapsed="1.000701"/>
</kw>
<kw name="Click Button" owner="SeleniumLibrary">
<msg time="2024-06-18T22:18:05.746882" level="INFO">Clicking button 'id=botao-cadastrar'.</msg>
<arg>id=botao-cadastrar</arg>
<doc>Clicks the button identified by ``locator``.</doc>
<status status="PASS" start="2024-06-18T22:18:05.746882" elapsed="0.026204"/>
</kw>
<kw name="Sleep" owner="BuiltIn">
<msg time="2024-06-18T22:18:07.773446" level="INFO">Slept 2 seconds.</msg>
<arg>2s</arg>
<doc>Pauses the test executed for the given time.</doc>
<status status="PASS" start="2024-06-18T22:18:05.773086" elapsed="2.000360"/>
</kw>
<arg>teste01@email.com</arg>
<arg>${strong_password}</arg>
<arg>${valid_birthdate}</arg>
<status status="PASS" start="2024-06-18T22:17:59.551866" elapsed="8.221580"/>
</kw>
<kw name="Go To" owner="SeleniumLibrary">
<msg time="2024-06-18T22:18:07.773446" level="INFO">Opening url 'http://localhost:8080'</msg>
<arg>${BASE_URL}</arg>
<doc>Navigates the current browser window to the provided ``url``.</doc>
<status status="PASS" start="2024-06-18T22:18:07.773446" elapsed="0.012126"/>
</kw>
<kw name="Sleep" owner="BuiltIn">
<msg time="2024-06-18T22:18:08.785995" level="INFO">Slept 1 second.</msg>
<arg>1s</arg>
<doc>Pauses the test executed for the given time.</doc>
<status status="PASS" start="2024-06-18T22:18:07.785572" elapsed="1.000423"/>
</kw>
<kw name="Input Text" owner="SeleniumLibrary">
<msg time="2024-06-18T22:18:08.785995" level="INFO">Typing text 'teste01@email.com' into text field 'id=email_cadastro'.</msg>
<arg>id=email_cadastro</arg>
<arg>teste01@email.com</arg>
<doc>Types the given ``text`` into the text field identified by ``locator``.</doc>
<status status="PASS" start="2024-06-18T22:18:08.785995" elapsed="0.043390"/>
</kw>
<kw name="Sleep" owner="BuiltIn">
<msg time="2024-06-18T22:18:09.830776" level="INFO">Slept 1 second.</msg>
<arg>1s</arg>
<doc>Pauses the test executed for the given time.</doc>
<status status="PASS" start="2024-06-18T22:18:08.829385" elapsed="1.001391"/>
</kw>
<kw name="Input Text" owner="SeleniumLibrary">
<msg time="2024-06-18T22:18:09.830776" level="INFO">Typing text 'w!v5O$80UzbH' into text field 'id=senha_cadastro'.</msg>
<arg>id=senha_cadastro</arg>
<arg>${strong_password}</arg>
<doc>Types the given ``text`` into the text field identified by ``locator``.</doc>
<status status="PASS" start="2024-06-18T22:18:09.830776" elapsed="0.040396"/>
</kw>
<kw name="Sleep" owner="BuiltIn">
<msg time="2024-06-18T22:18:10.872122" level="INFO">Slept 1 second.</msg>
<arg>1s</arg>
<doc>Pauses the test executed for the given time.</doc>
<status status="PASS" start="2024-06-18T22:18:09.871172" elapsed="1.000950"/>
</kw>
<kw name="Input Text" owner="SeleniumLibrary">
<msg time="2024-06-18T22:18:10.872122" level="INFO">Typing text 'José Augusto Testeson' into text field 'id=nome_cadastro'.</msg>
<arg>id=nome_cadastro</arg>
<arg>José Augusto Testeson</arg>
<doc>Types the given ``text`` into the text field identified by ``locator``.</doc>
<status status="PASS" start="2024-06-18T22:18:10.872122" elapsed="0.047813"/>
</kw>
<kw name="Sleep" owner="BuiltIn">
<msg time="2024-06-18T22:18:11.920457" level="INFO">Slept 1 second.</msg>
<arg>1s</arg>
<doc>Pauses the test executed for the given time.</doc>
<status status="PASS" start="2024-06-18T22:18:10.919935" elapsed="1.000522"/>
</kw>
<kw name="Input Text" owner="SeleniumLibrary">
<msg time="2024-06-18T22:18:11.922526" level="INFO">Typing text '09-08-1935' into text field 'id=data_nascimento'.</msg>
<arg>id=data_nascimento</arg>
<arg>${valid_birthdate}</arg>
<doc>Types the given ``text`` into the text field identified by ``locator``.</doc>
<status status="PASS" start="2024-06-18T22:18:11.922526" elapsed="0.037573"/>
</kw>
<kw name="Sleep" owner="BuiltIn">
<msg time="2024-06-18T22:18:12.961362" level="INFO">Slept 1 second.</msg>
<arg>1s</arg>
<doc>Pauses the test executed for the given time.</doc>
<status status="PASS" start="2024-06-18T22:18:11.960099" elapsed="1.001263"/>
</kw>
<kw name="Select From List By Label" owner="SeleniumLibrary">
<msg time="2024-06-18T22:18:12.961362" level="INFO">Selecting options from selection list 'id=admin' by label Administrador.</msg>
<arg>id=admin</arg>
<arg>Administrador</arg>
<doc>Selects options from selection list ``locator`` by ``labels``.</doc>
<status status="PASS" start="2024-06-18T22:18:12.961362" elapsed="0.034107"/>
</kw>
<kw name="Sleep" owner="BuiltIn">
<msg time="2024-06-18T22:18:13.995870" level="INFO">Slept 1 second.</msg>
<arg>1s</arg>
<doc>Pauses the test executed for the given time.</doc>
<status status="PASS" start="2024-06-18T22:18:12.995469" elapsed="1.000401"/>
</kw>
<kw name="Click Button" owner="SeleniumLibrary">
<msg time="2024-06-18T22:18:13.995870" level="INFO">Clicking button 'id=botao-cadastrar'.</msg>
<arg>id=botao-cadastrar</arg>
<doc>Clicks the button identified by ``locator``.</doc>
<status status="PASS" start="2024-06-18T22:18:13.995870" elapsed="0.040632"/>
</kw>
<kw name="Sleep" owner="BuiltIn">
<msg time="2024-06-18T22:18:16.037150" level="INFO">Slept 2 seconds.</msg>
<arg>2s</arg>
<doc>Pauses the test executed for the given time.</doc>
<status status="PASS" start="2024-06-18T22:18:14.036502" elapsed="2.000648"/>
</kw>
<kw name="Element Should Contain" owner="SeleniumLibrary">
<msg time="2024-06-18T22:18:16.048260" level="INFO">Element 'css=.alert-danger' contains text 'Erro ao cadastrar usuário!'.</msg>
<arg>css=.alert-danger</arg>
<arg>Erro ao cadastrar usuário!</arg>
<doc>Verifies that element ``locator`` contains text ``expected``.</doc>
<status status="PASS" start="2024-06-18T22:18:16.037150" elapsed="0.011110"/>
</kw>
<status status="PASS" start="2024-06-18T22:17:59.538327" elapsed="16.509933"/>
</test>
<test id="s1-t8" name="Adicionar Produto à página de produtos" line="162">
<kw name="Evaluate" owner="BuiltIn">
<msg time="2024-06-18T22:18:16.048260" level="INFO">${product} = {'name': 'Cama para Répteis', 'price': 22.84, 'category': 'Camas e Casinhas'}</msg>
<var>${product}</var>
<arg>Utils.generate_random_product()</arg>
<arg>modules=Utils</arg>
<doc>Evaluates the given expression in Python and returns the result.</doc>
<status status="PASS" start="2024-06-18T22:18:16.048260" elapsed="0.000000"/>
</kw>
<kw name="Set Variable" owner="BuiltIn">
<msg time="2024-06-18T22:18:16.048260" level="INFO">${product_name} = Cama para Répteis</msg>
<var>${product_name}</var>
<arg>${product["name"]}</arg>
<doc>Returns the given values which can then be assigned to a variables.</doc>
<status status="PASS" start="2024-06-18T22:18:16.048260" elapsed="0.000000"/>
</kw>
<kw name="Set Variable" owner="BuiltIn">
<msg time="2024-06-18T22:18:16.048260" level="INFO">${product_price} = 22.84</msg>
<var>${product_price}</var>
<arg>${product["price"]}</arg>
<doc>Returns the given values which can then be assigned to a variables.</doc>
<status status="PASS" start="2024-06-18T22:18:16.048260" elapsed="0.000000"/>
</kw>
<kw name="Set Variable" owner="BuiltIn">
<msg time="2024-06-18T22:18:16.048260" level="INFO">${product_category} = Camas e Casinhas</msg>
<var>${product_category}</var>
<arg>${product["category"]}</arg>
<doc>Returns the given values which can then be assigned to a variables.</doc>
<status status="PASS" start="2024-06-18T22:18:16.048260" elapsed="0.000000"/>
</kw>
<kw name="Go To" owner="SeleniumLibrary">
<msg time="2024-06-18T22:18:16.048260" level="INFO">Opening url 'http://localhost:8080'</msg>
<arg>${BASE_URL}</arg>
<doc>Navigates the current browser window to the provided ``url``.</doc>
<status status="PASS" start="2024-06-18T22:18:16.048260" elapsed="0.025105"/>
</kw>
<kw name="Input Text" owner="SeleniumLibrary">
<msg time="2024-06-18T22:18:16.073365" level="INFO">Typing text 'contato@jaolima.com' into text field 'id=email_login'.</msg>
<arg>id=email_login</arg>
<arg>contato@jaolima.com</arg>
<doc>Types the given ``text`` into the text field identified by ``locator``.</doc>
<status status="PASS" start="2024-06-18T22:18:16.073365" elapsed="0.037193"/>
</kw>
<kw name="Input Text" owner="SeleniumLibrary">
<msg time="2024-06-18T22:18:16.110558" level="INFO">Typing text 'Senha@teste321456' into text field 'id=senha_login'.</msg>
<arg>id=senha_login</arg>
<arg>Senha@teste321456</arg>
<doc>Types the given ``text`` into the text field identified by ``locator``.</doc>
<status status="PASS" start="2024-06-18T22:18:16.110558" elapsed="0.037924"/>
</kw>
<kw name="Click Button" owner="SeleniumLibrary">
<msg time="2024-06-18T22:18:16.149479" level="INFO">Clicking button 'id=botao-acessar'.</msg>
<arg>id=botao-acessar</arg>
<doc>Clicks the button identified by ``locator``.</doc>
<status status="PASS" start="2024-06-18T22:18:16.149479" elapsed="0.033165"/>
</kw>
<kw name="Element Should Be Visible" owner="SeleniumLibrary">
<msg time="2024-06-18T22:18:16.207980" level="INFO">Element 'id=sobre-nos' is displayed.</msg>
<arg>id=sobre-nos</arg>
<doc>Verifies that the element identified by ``locator`` is visible.</doc>
<status status="PASS" start="2024-06-18T22:18:16.183640" elapsed="0.024340"/>
</kw>
<kw name="Sleep" owner="BuiltIn">
<msg time="2024-06-18T22:18:17.208612" level="INFO">Slept 1 second.</msg>
<arg>1s</arg>
<doc>Pauses the test executed for the given time.</doc>
<status status="PASS" start="2024-06-18T22:18:16.207980" elapsed="1.000632"/>
</kw>
<kw name="Scroll Element Into View" owner="SeleniumLibrary">
<arg>id=botao_adicionar</arg>
<doc>Scrolls the element identified by ``locator`` into view.</doc>
<status status="PASS" start="2024-06-18T22:18:17.208612" elapsed="0.276192"/>
</kw>
<kw name="Sleep" owner="BuiltIn">
<msg time="2024-06-18T22:18:18.485383" level="INFO">Slept 1 second.</msg>
<arg>1s</arg>
<doc>Pauses the test executed for the given time.</doc>
<status status="PASS" start="2024-06-18T22:18:17.484804" elapsed="1.000579"/>
</kw>
<kw name="Input Text" owner="SeleniumLibrary">
<msg time="2024-06-18T22:18:18.485383" level="INFO">Typing text 'Cama para Répteis' into text field 'id=produto'.</msg>
<arg>id=produto</arg>
<arg>${product_name}</arg>
<doc>Types the given ``text`` into the text field identified by ``locator``.</doc>
<status status="PASS" start="2024-06-18T22:18:18.485383" elapsed="0.038550"/>
</kw>
<kw name="Sleep" owner="BuiltIn">
<msg time="2024-06-18T22:18:19.524344" level="INFO">Slept 1 second.</msg>
<arg>1s</arg>
<doc>Pauses the test executed for the given time.</doc>
<status status="PASS" start="2024-06-18T22:18:18.523933" elapsed="1.000411"/>
</kw>
<kw name="Input Text" owner="SeleniumLibrary">
<msg time="2024-06-18T22:18:19.524344" level="INFO">Typing text 'R$ 22.84' into text field 'id=categoria'.</msg>
<arg>id=categoria</arg>
<arg>R$ ${product_price}</arg>
<doc>Types the given ``text`` into the text field identified by ``locator``.</doc>
<status status="PASS" start="2024-06-18T22:18:19.524344" elapsed="0.044258"/>
</kw>
<kw name="Sleep" owner="BuiltIn">
<msg time="2024-06-18T22:18:20.569860" level="INFO">Slept 1 second.</msg>
<arg>1s</arg>
<doc>Pauses the test executed for the given time.</doc>
<status status="PASS" start="2024-06-18T22:18:19.568602" elapsed="1.001258"/>
</kw>
<kw name="Select From List By Label" owner="SeleniumLibrary">
<msg time="2024-06-18T22:18:20.572449" level="INFO">Selecting options from selection list 'id=estilo' by label Camas e Casinhas.</msg>
<arg>id=estilo</arg>
<arg>${product_category}</arg>
<doc>Selects options from selection list ``locator`` by ``labels``.</doc>
<status status="PASS" start="2024-06-18T22:18:20.569860" elapsed="0.038959"/>
</kw>
<kw name="Sleep" owner="BuiltIn">
<msg time="2024-06-18T22:18:22.609104" level="INFO">Slept 2 seconds.</msg>
<arg>2s</arg>
<doc>Pauses the test executed for the given time.</doc>
<status status="PASS" start="2024-06-18T22:18:20.608819" elapsed="2.000285"/>
</kw>
<kw name="Click Button" owner="SeleniumLibrary">
<msg time="2024-06-18T22:18:22.609104" level="INFO">Clicking button 'id=botao_adicionar'.</msg>
<arg>id=botao_adicionar</arg>
<doc>Clicks the button identified by ``locator``.</doc>
<status status="PASS" start="2024-06-18T22:18:22.609104" elapsed="0.055417"/>
</kw>
<status status="PASS" start="2024-06-18T22:18:16.048260" elapsed="6.616261"/>
</test>
<test id="s1-t9" name="Adicionar Produto ao Carrinho" line="184">
<kw name="Go To" owner="SeleniumLibrary">
<msg time="2024-06-18T22:18:22.664521" level="INFO">Opening url 'http://localhost:8080'</msg>
<arg>${BASE_URL}</arg>
<doc>Navigates the current browser window to the provided ``url``.</doc>
<status status="PASS" start="2024-06-18T22:18:22.664521" elapsed="0.018386"/>
</kw>
<kw name="Input Text" owner="SeleniumLibrary">
<msg time="2024-06-18T22:18:22.682907" level="INFO">Typing text 'contato@jaolima.com' into text field 'id=email_login'.</msg>
<arg>id=email_login</arg>
<arg>contato@jaolima.com</arg>
<doc>Types the given ``text`` into the text field identified by ``locator``.</doc>
<status status="PASS" start="2024-06-18T22:18:22.682907" elapsed="0.035078"/>
</kw>
<kw name="Input Text" owner="SeleniumLibrary">
<msg time="2024-06-18T22:18:22.717985" level="INFO">Typing text 'Senha@teste321456' into text field 'id=senha_login'.</msg>
<arg>id=senha_login</arg>
<arg>Senha@teste321456</arg>
<doc>Types the given ``text`` into the text field identified by ``locator``.</doc>
<status status="PASS" start="2024-06-18T22:18:22.717985" elapsed="0.038097"/>
</kw>
<kw name="Click Button" owner="SeleniumLibrary">
<msg time="2024-06-18T22:18:22.756082" level="INFO">Clicking button 'id=botao-acessar'.</msg>
<arg>id=botao-acessar</arg>
<doc>Clicks the button identified by ``locator``.</doc>
<status status="PASS" start="2024-06-18T22:18:22.756082" elapsed="0.038744"/>
</kw>
<kw name="Element Should Be Visible" owner="SeleniumLibrary">
<msg time="2024-06-18T22:18:22.819495" level="INFO">Element 'id=sobre-nos' is displayed.</msg>
<arg>id=sobre-nos</arg>
<doc>Verifies that the element identified by ``locator`` is visible.</doc>
<status status="PASS" start="2024-06-18T22:18:22.794826" elapsed="0.024669"/>
</kw>
<kw name="Sleep" owner="BuiltIn">
<msg time="2024-06-18T22:18:23.821027" level="INFO">Slept 1 second.</msg>
<arg>1s</arg>
<doc>Pauses the test executed for the given time.</doc>
<status status="PASS" start="2024-06-18T22:18:22.820492" elapsed="1.000535"/>
</kw>
<kw name="Scroll Element Into View" owner="SeleniumLibrary">
<arg>//a[@href='/carrinho'][contains(.,'Ver Carrinho')]</arg>
<doc>Scrolls the element identified by ``locator`` into view.</doc>
<status status="PASS" start="2024-06-18T22:18:23.821027" elapsed="0.276922"/>
</kw>
<kw name="Sleep" owner="BuiltIn">
<msg time="2024-06-18T22:18:26.098142" level="INFO">Slept 2 seconds.</msg>
<arg>2s</arg>
<doc>Pauses the test executed for the given time.</doc>
<status status="PASS" start="2024-06-18T22:18:24.097949" elapsed="2.000193"/>
</kw>
<kw name="Click Button" owner="SeleniumLibrary">
<msg time="2024-06-18T22:18:26.100202" level="INFO">Clicking button '(//button[@type='submit'])[4]'.</msg>
<arg>(//button[@type='submit'])[4]</arg>
<doc>Clicks the button identified by ``locator``.</doc>
<status status="PASS" start="2024-06-18T22:18:26.100202" elapsed="0.058460"/>
</kw>
<kw name="Sleep" owner="BuiltIn">
<msg time="2024-06-18T22:18:27.164509" level="INFO">Slept 1 second.</msg>
<arg>1s</arg>
<doc>Pauses the test executed for the given time.</doc>
<status status="PASS" start="2024-06-18T22:18:26.158662" elapsed="1.006804"/>
</kw>
<kw name="Scroll Element Into View" owner="SeleniumLibrary">
<arg>//a[@href='/carrinho'][contains(.,'Ver Carrinho')]</arg>
<doc>Scrolls the element identified by ``locator`` into view.</doc>
<status status="PASS" start="2024-06-18T22:18:27.166466" elapsed="0.279878"/>
</kw>
<kw name="Sleep" owner="BuiltIn">
<msg time="2024-06-18T22:18:28.446920" level="INFO">Slept 1 second.</msg>
<arg>1s</arg>
<doc>Pauses the test executed for the given time.</doc>
<status status="PASS" start="2024-06-18T22:18:27.446344" elapsed="1.000576"/>
</kw>
<kw name="Click Element" owner="SeleniumLibrary">
<msg time="2024-06-18T22:18:28.446920" level="INFO">Clicking element '//a[@href='/carrinho'][contains(.,'Ver Carrinho')]'.</msg>
<arg>//a[@href='/carrinho'][contains(.,'Ver Carrinho')]</arg>
<doc>Click the element identified by ``locator``.</doc>
<status status="PASS" start="2024-06-18T22:18:28.446920" elapsed="0.056889"/>
</kw>
<kw name="Sleep" owner="BuiltIn">
<msg time="2024-06-18T22:18:29.504916" level="INFO">Slept 1 second.</msg>
<arg>1s</arg>
<doc>Pauses the test executed for the given time.</doc>
<status status="PASS" start="2024-06-18T22:18:28.503809" elapsed="1.001107"/>
</kw>
<kw name="Element Should Be Visible" owner="SeleniumLibrary">
<msg time="2024-06-18T22:18:29.513667" level="INFO">Element '//h2[contains(.,'Carrinho de compras')]' is displayed.</msg>
<arg>//h2[contains(.,'Carrinho de compras')]</arg>
<doc>Verifies that the element identified by ``locator`` is visible.</doc>
<status status="PASS" start="2024-06-18T22:18:29.504916" elapsed="0.008751"/>
</kw>
<status status="PASS" start="2024-06-18T22:18:22.664521" elapsed="6.849146"/>
</test>
<test id="s1-t10" name="Finalizar Compra do Carrinho" line="201">
<kw name="Go To" owner="SeleniumLibrary">
<msg time="2024-06-18T22:18:29.513667" level="INFO">Opening url 'http://localhost:8080'</msg>
<arg>${BASE_URL}</arg>
<doc>Navigates the current browser window to the provided ``url``.</doc>
<status status="PASS" start="2024-06-18T22:18:29.513667" elapsed="0.041248"/>
</kw>
<kw name="Input Text" owner="SeleniumLibrary">
<msg time="2024-06-18T22:18:29.554915" level="INFO">Typing text 'contato@jaolima.com' into text field 'id=email_login'.</msg>
<arg>id=email_login</arg>
<arg>contato@jaolima.com</arg>
<doc>Types the given ``text`` into the text field identified by ``locator``.</doc>
<status status="PASS" start="2024-06-18T22:18:29.554915" elapsed="0.035341"/>
</kw>
<kw name="Input Text" owner="SeleniumLibrary">
<msg time="2024-06-18T22:18:29.591273" level="INFO">Typing text 'Senha@teste321456' into text field 'id=senha_login'.</msg>
<arg>id=senha_login</arg>
<arg>Senha@teste321456</arg>
<doc>Types the given ``text`` into the text field identified by ``locator``.</doc>
<status status="PASS" start="2024-06-18T22:18:29.590256" elapsed="0.035765"/>
</kw>
<kw name="Click Button" owner="SeleniumLibrary">
<msg time="2024-06-18T22:18:29.626021" level="INFO">Clicking button 'id=botao-acessar'.</msg>
<arg>id=botao-acessar</arg>
<doc>Clicks the button identified by ``locator``.</doc>
<status status="PASS" start="2024-06-18T22:18:29.626021" elapsed="0.038576"/>
</kw>
<kw name="Element Should Be Visible" owner="SeleniumLibrary">
<msg time="2024-06-18T22:18:29.702527" level="INFO">Element 'id=sobre-nos' is displayed.</msg>
<arg>id=sobre-nos</arg>
<doc>Verifies that the element identified by ``locator`` is visible.</doc>
<status status="PASS" start="2024-06-18T22:18:29.664597" elapsed="0.038927"/>
</kw>
<kw name="Sleep" owner="BuiltIn">
<msg time="2024-06-18T22:18:30.703797" level="INFO">Slept 1 second.</msg>
<arg>1s</arg>
<doc>Pauses the test executed for the given time.</doc>
<status status="PASS" start="2024-06-18T22:18:29.703524" elapsed="1.000273"/>
</kw>
<kw name="Scroll Element Into View" owner="SeleniumLibrary">
<arg>//a[@href='/carrinho'][contains(.,'Ver Carrinho')]</arg>
<doc>Scrolls the element identified by ``locator`` into view.</doc>
<status status="PASS" start="2024-06-18T22:18:30.703797" elapsed="0.273181"/>
</kw>
<kw name="Sleep" owner="BuiltIn">
<msg time="2024-06-18T22:18:31.978382" level="INFO">Slept 1 second.</msg>
<arg>1s</arg>
<doc>Pauses the test executed for the given time.</doc>
<status status="PASS" start="2024-06-18T22:18:30.976978" elapsed="1.001404"/>
</kw>
<kw name="Click Element" owner="SeleniumLibrary">
<msg time="2024-06-18T22:18:31.981099" level="INFO">Clicking element '//a[@href='/carrinho'][contains(.,'Ver Carrinho')]'.</msg>
<arg>//a[@href='/carrinho'][contains(.,'Ver Carrinho')]</arg>
<doc>Click the element identified by ``locator``.</doc>
<status status="PASS" start="2024-06-18T22:18:31.980877" elapsed="0.047030"/>
</kw>
<kw name="Sleep" owner="BuiltIn">
<msg time="2024-06-18T22:18:33.028835" level="INFO">Slept 1 second.</msg>
<arg>1s</arg>
<doc>Pauses the test executed for the given time.</doc>
<status status="PASS" start="2024-06-18T22:18:32.028518" elapsed="1.000317"/>
</kw>
<kw name="Click Element" owner="SeleniumLibrary">
<msg time="2024-06-18T22:18:33.028835" level="INFO">Clicking element 'botao_finalizar_compra'.</msg>
<arg>botao_finalizar_compra</arg>
<doc>Click the element identified by ``locator``.</doc>
<status status="PASS" start="2024-06-18T22:18:33.028835" elapsed="0.035118"/>
</kw>
<kw name="Sleep" owner="BuiltIn">
<msg time="2024-06-18T22:18:34.064566" level="INFO">Slept 1 second.</msg>
<arg>1s</arg>
<doc>Pauses the test executed for the given time.</doc>
<status status="PASS" start="2024-06-18T22:18:33.063953" elapsed="1.000613"/>
</kw>
<kw name="Element Should Be Visible" owner="SeleniumLibrary">
<msg time="2024-06-18T22:18:34.074613" level="INFO">Element 'id=sobre-nos' is displayed.</msg>
<arg>id=sobre-nos</arg>
<doc>Verifies that the element identified by ``locator`` is visible.</doc>
<status status="PASS" start="2024-06-18T22:18:34.064566" elapsed="0.010047"/>
</kw>
<status status="PASS" start="2024-06-18T22:18:29.513667" elapsed="4.560946"/>
</test>
<kw name="Close Browser" owner="SeleniumLibrary" type="TEARDOWN">
<doc>Closes the current browser.</doc>
<status status="PASS" start="2024-06-18T22:18:34.074613" elapsed="2.167152"/>
</kw>
<status status="PASS" start="2024-06-18T22:17:22.360858" elapsed="73.880907"/>
</suite>
<statistics>
<total>
<stat pass="10" fail="0" skip="0">All Tests</stat>
</total>
<tag>
</tag>
<suite>
<stat pass="10" fail="0" skip="0" id="s1" name="Main">Main</stat>
</suite>
</statistics>
<errors>
<msg time="2024-06-18T22:17:22.338796" level="WARN">Error in file 'c:\Users\Arthur\Downloads\teste\testeWeb\ProjetoPetPlace\Test\main.robot' on line 14: The '[Return]' setting is deprecated. Use the 'RETURN' statement instead.</msg>
<msg time="2024-06-18T22:17:22.339269" level="WARN">Error in file 'c:\Users\Arthur\Downloads\teste\testeWeb\ProjetoPetPlace\Test\main.robot' on line 18: The '[Return]' setting is deprecated. Use the 'RETURN' statement instead.</msg>
<msg time="2024-06-18T22:17:22.339269" level="WARN">Error in file 'c:\Users\Arthur\Downloads\teste\testeWeb\ProjetoPetPlace\Test\main.robot' on line 22: The '[Return]' setting is deprecated. Use the 'RETURN' statement instead.</msg>
<msg time="2024-06-18T22:17:22.339269" level="WARN">Error in file 'c:\Users\Arthur\Downloads\teste\testeWeb\ProjetoPetPlace\Test\main.robot' on line 26: The '[Return]' setting is deprecated. Use the 'RETURN' statement instead.</msg>
<msg time="2024-06-18T22:17:22.339269" level="WARN">Error in file 'c:\Users\Arthur\Downloads\teste\testeWeb\ProjetoPetPlace\Test\main.robot' on line 30: The '[Return]' setting is deprecated. Use the 'RETURN' statement instead.</msg>
<msg time="2024-06-18T22:17:22.339269" level="WARN">Error in file 'c:\Users\Arthur\Downloads\teste\testeWeb\ProjetoPetPlace\Test\main.robot' on line 34: The '[Return]' setting is deprecated. Use the 'RETURN' statement instead.</msg>
</errors>
</robot>
