<?xml version="1.0" encoding="UTF-8"?>
<robot generator="Robot 7.0.1 (Python 3.9.18 on darwin)" generated="2024-06-18T16:59:12.884474" rpa="false" schemaversion="5">
<suite id="s1" name="Pet-Place" source="/Users/jao/Developer/Pet-Place">
<suite id="s1-s1" name="Test" source="/Users/jao/Developer/Pet-Place/Test">
<suite id="s1-s1-s1" name="Main" source="/Users/jao/Developer/Pet-Place/Test/main.robot">
<kw name="Open Browser" owner="SeleniumLibrary" type="SETUP">
<msg time="2024-06-18T16:59:13.008430" level="INFO">Opening browser 'Chrome' to base url 'http://localhost:8080'.</msg>
<arg>${BASE_URL}</arg>
<arg>Chrome</arg>
<doc>Opens a new browser instance to the optional ``url``.</doc>
<status status="PASS" start="2024-06-18T16:59:13.008244" elapsed="2.029097"/>
</kw>
<test id="s1-s1-s1-t1" name="Add a Product to product page" line="161">
<kw name="Evaluate" owner="BuiltIn">
<msg time="2024-06-18T16:59:15.041430" level="INFO">${product} = {'name': 'Brinquedo para Roedores', 'price': 37.9, 'category': 'Outros'}</msg>
<var>${product}</var>
<arg>Utils.generate_random_product()</arg>
<arg>modules=Utils</arg>
<doc>Evaluates the given expression in Python and returns the result.</doc>
<status status="PASS" start="2024-06-18T16:59:15.040855" elapsed="0.000721"/>
</kw>
<kw name="Set Variable" owner="BuiltIn">
<msg time="2024-06-18T16:59:15.042956" level="INFO">${product_name} = Brinquedo para Roedores</msg>
<var>${product_name}</var>
<arg>${product["name"]}</arg>
<doc>Returns the given values which can then be assigned to a variables.</doc>
<status status="PASS" start="2024-06-18T16:59:15.041975" elapsed="0.001060"/>
</kw>
<kw name="Set Variable" owner="BuiltIn">
<msg time="2024-06-18T16:59:15.044445" level="INFO">${product_price} = 37.9</msg>
<var>${product_price}</var>
<arg>${product["price"]}</arg>
<doc>Returns the given values which can then be assigned to a variables.</doc>
<status status="PASS" start="2024-06-18T16:59:15.043477" elapsed="0.001124"/>
</kw>
<kw name="Set Variable" owner="BuiltIn">
<msg time="2024-06-18T16:59:15.046320" level="INFO">${product_category} = Outros</msg>
<var>${product_category}</var>
<arg>${product["category"]}</arg>
<doc>Returns the given values which can then be assigned to a variables.</doc>
<status status="PASS" start="2024-06-18T16:59:15.045440" elapsed="0.001113"/>
</kw>
<kw name="Go To" owner="SeleniumLibrary">
<msg time="2024-06-18T16:59:15.047824" level="INFO">Opening url 'http://localhost:8080'</msg>
<arg>${BASE_URL}</arg>
<doc>Navigates the current browser window to the provided ``url``.</doc>
<status status="PASS" start="2024-06-18T16:59:15.047339" elapsed="0.021887"/>
</kw>
<kw name="Input Text" owner="SeleniumLibrary">
<msg time="2024-06-18T16:59:15.071001" level="INFO">Typing text 'contato@jaolima.com' into text field 'id=email_login'.</msg>
<arg>id=email_login</arg>
<arg>contato@jaolima.com</arg>
<doc>Types the given ``text`` into the text field identified by ``locator``.</doc>
<status status="PASS" start="2024-06-18T16:59:15.069836" elapsed="0.110805"/>
</kw>
<kw name="Input Text" owner="SeleniumLibrary">
<msg time="2024-06-18T16:59:15.181442" level="INFO">Typing text 'Senha@teste321456' into text field 'id=senha_login'.</msg>
<arg>id=senha_login</arg>
<arg>Senha@teste321456</arg>
<doc>Types the given ``text`` into the text field identified by ``locator``.</doc>
<status status="PASS" start="2024-06-18T16:59:15.181040" elapsed="0.055954"/>
</kw>
<kw name="Click Button" owner="SeleniumLibrary">
<msg time="2024-06-18T16:59:15.237765" level="INFO">Clicking button 'id=botao-acessar'.</msg>
<arg>id=botao-acessar</arg>
<doc>Clicks the button identified by ``locator``.</doc>
<status status="PASS" start="2024-06-18T16:59:15.237311" elapsed="0.048255"/>
</kw>
<kw name="Element Should Be Visible" owner="SeleniumLibrary">
<msg time="2024-06-18T16:59:15.439465" level="INFO">Element 'id=sobre-nos' is displayed.</msg>
<arg>id=sobre-nos</arg>
<doc>Verifies that the element identified by ``locator`` is visible.</doc>
<status status="PASS" start="2024-06-18T16:59:15.286030" elapsed="0.153623"/>
</kw>
<kw name="Sleep" owner="BuiltIn">
<msg time="2024-06-18T16:59:16.442151" level="INFO">Slept 1 second.</msg>
<arg>1s</arg>
<doc>Pauses the test executed for the given time.</doc>
<status status="PASS" start="2024-06-18T16:59:15.440067" elapsed="1.002281"/>
</kw>
<kw name="Scroll Element Into View" owner="SeleniumLibrary">
<arg>id=botao_adicionar</arg>
<doc>Scrolls the element identified by ``locator`` into view.</doc>
<status status="PASS" start="2024-06-18T16:59:16.442671" elapsed="0.284827"/>
</kw>
<kw name="Sleep" owner="BuiltIn">
<msg time="2024-06-18T16:59:17.728192" level="INFO">Slept 1 second.</msg>
<arg>1s</arg>
<doc>Pauses the test executed for the given time.</doc>
<status status="PASS" start="2024-06-18T16:59:16.727754" elapsed="1.000658"/>
</kw>
<kw name="Input Text" owner="SeleniumLibrary">
<msg time="2024-06-18T16:59:17.729174" level="INFO">Typing text 'Brinquedo para Roedores' into text field 'id=produto'.</msg>
<arg>id=produto</arg>
<arg>${product_name}</arg>
<doc>Types the given ``text`` into the text field identified by ``locator``.</doc>
<status status="PASS" start="2024-06-18T16:59:17.728764" elapsed="0.046614"/>
</kw>
<kw name="Sleep" owner="BuiltIn">
<msg time="2024-06-18T16:59:18.777951" level="INFO">Slept 1 second.</msg>
<arg>1s</arg>
<doc>Pauses the test executed for the given time.</doc>
<status status="PASS" start="2024-06-18T16:59:17.775638" elapsed="1.002993"/>
</kw>
<kw name="Input Text" owner="SeleniumLibrary">
<msg time="2024-06-18T16:59:18.780070" level="INFO">Typing text 'R$ 37.9' into text field 'id=categoria'.</msg>
<arg>id=categoria</arg>
<arg>R$ ${product_price}</arg>
<doc>Types the given ``text`` into the text field identified by ``locator``.</doc>
<status status="PASS" start="2024-06-18T16:59:18.779329" elapsed="0.038738"/>
</kw>
<kw name="Sleep" owner="BuiltIn">
<msg time="2024-06-18T16:59:19.820067" level="INFO">Slept 1 second.</msg>
<arg>1s</arg>
<doc>Pauses the test executed for the given time.</doc>
<status status="PASS" start="2024-06-18T16:59:18.818341" elapsed="1.001999"/>
</kw>
<kw name="Select From List By Label" owner="SeleniumLibrary">
<msg time="2024-06-18T16:59:19.821309" level="INFO">Selecting options from selection list 'id=estilo' by label Outros.</msg>
<arg>id=estilo</arg>
<arg>${product_category}</arg>
<doc>Selects options from selection list ``locator`` by ``labels``.</doc>
<status status="PASS" start="2024-06-18T16:59:19.820758" elapsed="0.041874"/>
</kw>
<kw name="Sleep" owner="BuiltIn">
<msg time="2024-06-18T16:59:21.864095" level="INFO">Slept 2 seconds.</msg>
<arg>2s</arg>
<doc>Pauses the test executed for the given time.</doc>
<status status="PASS" start="2024-06-18T16:59:19.862913" elapsed="2.001403"/>
</kw>
<kw name="Click Button" owner="SeleniumLibrary">
<msg time="2024-06-18T16:59:21.865006" level="INFO">Clicking button 'id=botao_adicionar'.</msg>
<arg>id=botao_adicionar</arg>
<doc>Clicks the button identified by ``locator``.</doc>
<status status="PASS" start="2024-06-18T16:59:21.864666" elapsed="0.058746"/>
</kw>
<status status="PASS" start="2024-06-18T16:59:15.038988" elapsed="6.884755"/>
</test>
<kw name="Close Browser" owner="SeleniumLibrary" type="TEARDOWN">
<doc>Closes the current browser.</doc>
<status status="PASS" start="2024-06-18T16:59:21.925357" elapsed="0.117934"/>
</kw>
<status status="PASS" start="2024-06-18T16:59:12.922091" elapsed="9.121352"/>
</suite>
<status status="PASS" start="2024-06-18T16:59:12.918832" elapsed="9.125495"/>
</suite>
<status status="PASS" start="2024-06-18T16:59:12.900418" elapsed="9.144411"/>
</suite>
<statistics>
<total>
<stat pass="1" fail="0" skip="0">All Tests</stat>
</total>
<tag>
</tag>
<suite>
<stat pass="1" fail="0" skip="0" id="s1" name="Pet-Place">Pet-Place</stat>
<stat pass="1" fail="0" skip="0" id="s1-s1" name="Test">Pet-Place.Test</stat>
<stat pass="1" fail="0" skip="0" id="s1-s1-s1" name="Main">Pet-Place.Test.Main</stat>
</suite>
</statistics>
<errors>
<msg time="2024-06-18T16:59:12.878050" level="WARN">Error in file '/Users/jao/Developer/Pet-Place/Test/main.robot' on line 14: The '[Return]' setting is deprecated. Use the 'RETURN' statement instead.</msg>
<msg time="2024-06-18T16:59:12.878174" level="WARN">Error in file '/Users/jao/Developer/Pet-Place/Test/main.robot' on line 18: The '[Return]' setting is deprecated. Use the 'RETURN' statement instead.</msg>
<msg time="2024-06-18T16:59:12.878229" level="WARN">Error in file '/Users/jao/Developer/Pet-Place/Test/main.robot' on line 22: The '[Return]' setting is deprecated. Use the 'RETURN' statement instead.</msg>
<msg time="2024-06-18T16:59:12.878282" level="WARN">Error in file '/Users/jao/Developer/Pet-Place/Test/main.robot' on line 26: The '[Return]' setting is deprecated. Use the 'RETURN' statement instead.</msg>
<msg time="2024-06-18T16:59:12.878334" level="WARN">Error in file '/Users/jao/Developer/Pet-Place/Test/main.robot' on line 30: The '[Return]' setting is deprecated. Use the 'RETURN' statement instead.</msg>
<msg time="2024-06-18T16:59:12.878386" level="WARN">Error in file '/Users/jao/Developer/Pet-Place/Test/main.robot' on line 34: The '[Return]' setting is deprecated. Use the 'RETURN' statement instead.</msg>
</errors>
</robot>
